<?xml version="1.0" encoding="UTF-8"?>
<!-- Generated by org.testng.reporters.JUnitXMLReporter -->
<testsuite ignored="0" hostname="DESKTOP-B7QEMLE" failures="0" tests="8" name="Cart Page Test" time="15.669" errors="0" timestamp="2024-02-15T08:28:17 IST">
  <testcase classname="eKartAutoMation.tests.CartPageTest" name="isBuyNowButtonAvailable" time="0.002"/>
  <testcase classname="eKartAutoMation.tests.CartPageTest" name="isRemoveFromCartOptionisAvailable" time="0.01"/>
  <testcase classname="eKartAutoMation.tests.CartPageTest" name="pageTitleTest" time="0.007"/>
  <testcase classname="eKartAutoMation.tests.CartPageTest" name="pageURL" time="0.007"/>
  <testcase classname="eKartAutoMation.tests.CartPageTest" name="validateSumOfTheProduct" time="0.004"/>
  <testcase classname="eKartAutoMation.tests.CartPageTest" name="checkProdInfoOnCartPageTest" time="1.338"/>
  <testcase classname="eKartAutoMation.tests.CartPageTest" name="checkProdInfoOnCartPageTest" time="1.452"/>
  <testcase classname="eKartAutoMation.tests.CartPageTest" name="checkProdInfoOnCartPageTest" time="1.503"/>
</testsuite> <!-- Cart Page Test -->
