<?xml version="1.0" encoding="UTF-8"?>
<!-- Generated by org.testng.reporters.JUnitXMLReporter -->
<testsuite ignored="0" hostname="DESKTOP-B7QEMLE" failures="0" tests="8" name="Cart Page Test" time="29.253" errors="0" timestamp="2024-02-10T17:31:35 IST">
  <testcase classname="eKartAutoMation.tests.CartPageTest" name="isBuyNowButtonAvailable" time="0.0"/>
  <testcase classname="eKartAutoMation.tests.CartPageTest" name="isRemoveFromCartOptionisAvailable" time="0.0"/>
  <testcase classname="eKartAutoMation.tests.CartPageTest" name="pageTitleTest" time="0.015"/>
  <testcase classname="eKartAutoMation.tests.CartPageTest" name="pageURL" time="0.028"/>
  <testcase classname="eKartAutoMation.tests.CartPageTest" name="validateSumOfTheProduct" time="0.0"/>
  <testcase classname="eKartAutoMation.tests.CartPageTest" name="checkProdInfoOnCartPageTest" time="2.53"/>
  <testcase classname="eKartAutoMation.tests.CartPageTest" name="checkProdInfoOnCartPageTest" time="1.352"/>
  <testcase classname="eKartAutoMation.tests.CartPageTest" name="checkProdInfoOnCartPageTest" time="2.249"/>
</testsuite> <!-- Cart Page Test -->
