<?xml version="1.0" encoding="UTF-8"?>
<!-- Generated by org.testng.reporters.JUnitXMLReporter -->
<testsuite ignored="1" hostname="DESKTOP-B7QEMLE" failures="0" tests="10" name="Dashboard Page Test" time="8.33" errors="0" timestamp="2024-02-15T08:28:10 IST">
  <testcase classname="eKartAutoMation.tests.DashBoardPageTest" name="appLogoTest" time="3.045"/>
  <testcase classname="eKartAutoMation.tests.DashBoardPageTest" name="cartLinkAvailablilityTest" time="0.037"/>
  <testcase classname="eKartAutoMation.tests.DashBoardPageTest" name="categoryAvailablilityTest" time="0.031"/>
  <testcase classname="eKartAutoMation.tests.DashBoardPageTest" name="filterAvailablilityTest" time="0.031"/>
  <testcase classname="eKartAutoMation.tests.DashBoardPageTest" name="homeLinkAvailablilityTest" time="0.038"/>
  <testcase classname="eKartAutoMation.tests.DashBoardPageTest" name="orderLinkAvailablilityTest" time="0.036"/>
  <testcase classname="eKartAutoMation.tests.DashBoardPageTest" name="priceRangeAvailablilityTest" time="0.039"/>
  <testcase classname="eKartAutoMation.tests.DashBoardPageTest" name="searchForAvailablilityTest" time="0.049"/>
  <testcase classname="eKartAutoMation.tests.DashBoardPageTest" name="signoutLinkAvailablilityTest" time="0.032"/>
  <testcase classname="eKartAutoMation.tests.DashBoardPageTest" name="subCategoryAvailablilityTest" time="0.029"/>
  <testcase classname="eKartAutoMation.tests.DashBoardPageTest" name="addItemsInCartTest" time="0.0">
    <ignored/>
  </testcase> <!-- addItemsInCartTest -->
</testsuite> <!-- Dashboard Page Test -->
