<?xml version="1.0" encoding="UTF-8"?>
<!-- Generated by org.testng.reporters.JUnitXMLReporter -->
<testsuite ignored="1" hostname="DESKTOP-B7QEMLE" failures="0" tests="10" name="Dashboard Page Test" time="11.661" errors="0" timestamp="2024-03-04T06:56:59 IST">
  <testcase classname="eKartAutoMation.tests.DashBoardPageTest" name="appLogoTest" time="3.066"/>
  <testcase classname="eKartAutoMation.tests.DashBoardPageTest" name="cartLinkAvailablilityTest" time="0.075"/>
  <testcase classname="eKartAutoMation.tests.DashBoardPageTest" name="categoryAvailablilityTest" time="0.079"/>
  <testcase classname="eKartAutoMation.tests.DashBoardPageTest" name="filterAvailablilityTest" time="0.074"/>
  <testcase classname="eKartAutoMation.tests.DashBoardPageTest" name="homeLinkAvailablilityTest" time="0.044"/>
  <testcase classname="eKartAutoMation.tests.DashBoardPageTest" name="orderLinkAvailablilityTest" time="0.046"/>
  <testcase classname="eKartAutoMation.tests.DashBoardPageTest" name="priceRangeAvailablilityTest" time="0.074"/>
  <testcase classname="eKartAutoMation.tests.DashBoardPageTest" name="searchForAvailablilityTest" time="0.367"/>
  <testcase classname="eKartAutoMation.tests.DashBoardPageTest" name="signoutLinkAvailablilityTest" time="0.148"/>
  <testcase classname="eKartAutoMation.tests.DashBoardPageTest" name="subCategoryAvailablilityTest" time="0.073"/>
  <testcase classname="eKartAutoMation.tests.DashBoardPageTest" name="addItemsInCartTest" time="0.0">
    <ignored/>
  </testcase> <!-- addItemsInCartTest -->
</testsuite> <!-- Dashboard Page Test -->
