<?xml version="1.0" encoding="UTF-8"?>
<!-- Generated by org.testng.reporters.JUnitXMLReporter -->
<testsuite ignored="0" hostname="DESKTOP-B7QEMLE" failures="0" tests="4" name="Login Page Test" time="3.925" errors="0" timestamp="2024-03-04T06:56:52 IST">
  <testcase classname="eKartAutoMation.tests.LoginPageTest" name="loginTitleTest" time="0.08"/>
  <testcase classname="eKartAutoMation.tests.LoginPageTest" name="loginURLTest" time="0.016"/>
  <testcase classname="eKartAutoMation.tests.LoginPageTest" name="isForgotPaswordLinkAvailble" time="0.046"/>
  <testcase classname="eKartAutoMation.tests.LoginPageTest" name="doLoginTest" time="0.876"/>
</testsuite> <!-- Login Page Test -->
