<?xml version="1.0" encoding="UTF-8"?>
<!-- Generated by org.testng.reporters.JUnitXMLReporter -->
<testsuite ignored="0" hostname="DESKTOP-B7QEMLE" failures="0" tests="5" name="Login test" time="16.762" errors="0" timestamp="2024-02-06T15:17:56 IST">
  <testcase classname="eKartAutoMation.tests.LoginPageTest" name="appLogoTest" time="0.052"/>
  <testcase classname="eKartAutoMation.tests.LoginPageTest" name="filterAvailablilityTest" time="0.038"/>
  <testcase classname="eKartAutoMation.tests.LoginPageTest" name="isForgotPaswordLinkAvailble" time="0.002"/>
  <testcase classname="eKartAutoMation.tests.LoginPageTest" name="loginTitleTest" time="0.002"/>
  <testcase classname="eKartAutoMation.tests.LoginPageTest" name="loginURLTest" time="0.002"/>
</testsuite> <!-- Login test -->
