<?xml version="1.0" encoding="UTF-8"?>
<!-- Generated by org.testng.reporters.JUnitXMLReporter -->
<testsuite ignored="0" hostname="DESKTOP-B7QEMLE" failures="0" tests="4" name="Login Page Test" time="15.382" errors="0" timestamp="2024-02-10T17:31:21 IST">
  <testcase classname="eKartAutoMation.tests.LoginPageTest" name="loginTitleTest" time="0.09"/>
  <testcase classname="eKartAutoMation.tests.LoginPageTest" name="loginURLTest" time="0.017"/>
  <testcase classname="eKartAutoMation.tests.LoginPageTest" name="isForgotPaswordLinkAvailble" time="0.185"/>
  <testcase classname="eKartAutoMation.tests.LoginPageTest" name="doLoginTest" time="3.145"/>
</testsuite> <!-- Login Page Test -->
