<?xml version="1.0" encoding="UTF-8"?>
<!-- Generated by org.testng.reporters.JUnitXMLReporter -->
<testsuite ignored="0" hostname="DESKTOP-B7QEMLE" failures="0" tests="4" name="Login test" time="9.565" errors="0" timestamp="2024-02-07T06:50:02 IST">
  <testcase classname="eKartAutoMation.tests.LoginPageTest" name="loginTitleTest" time="0.017"/>
  <testcase classname="eKartAutoMation.tests.LoginPageTest" name="loginURLTest" time="0.026"/>
  <testcase classname="eKartAutoMation.tests.LoginPageTest" name="isForgotPaswordLinkAvailble" time="0.047"/>
  <testcase classname="eKartAutoMation.tests.LoginPageTest" name="doLoginTest" time="5.372"/>
</testsuite> <!-- Login test -->
