<?xml version="1.0" encoding="UTF-8"?>
<!-- Generated by org.testng.reporters.JUnitXMLReporter -->
<testsuite ignored="0" hostname="DESKTOP-B7QEMLE" failures="0" tests="4" name="Default test" time="4.089" errors="0" timestamp="2024-02-15T08:27:18 IST">
  <testcase classname="eKartAutoMation.tests.LoginPageTest" name="loginTitleTest" time="0.082"/>
  <testcase classname="eKartAutoMation.tests.LoginPageTest" name="loginURLTest" time="0.015"/>
  <testcase classname="eKartAutoMation.tests.LoginPageTest" name="isForgotPaswordLinkAvailble" time="0.053"/>
  <testcase classname="eKartAutoMation.tests.LoginPageTest" name="doLoginTest" time="0.805"/>
</testsuite> <!-- Default test -->
